
Showing logs for build [32mcb-kubecd-environment-pr-527-4-vvwdb-1[0m stage [32mfrom-build-pack[0m and container [32mstep-credential-initializer-bbt6g[0m
{"level":"info","ts":1589795493.7767608,"logger":"fallback-logger","caller":"logging/config.go:69","msg":"Fetch GitHub commit ID from kodata failed: open /var/run/ko/refs/heads/0.8.0-ns-support: no such file or directory"}
{"level":"info","ts":1589795493.7773333,"logger":"fallback-logger","caller":"creds-init/main.go:40","msg":"Credentials initialized."}

Showing logs for build [32mcb-kubecd-environment-pr-527-4-vvwdb-1[0m stage [32mfrom-build-pack[0m and container [32mstep-working-dir-initializer-td8fk[0m
{"level":"info","ts":1589795494.629643,"logger":"fallback-logger","caller":"logging/config.go:69","msg":"Fetch GitHub commit ID from kodata failed: open /var/run/ko/HEAD: no such file or directory"}
{"level":"info","ts":1589795494.6312864,"logger":"fallback-logger","caller":"bash/main.go:64","msg":"Successfully executed command \"sh -c mkdir -p /workspace/source\"; output "}

Showing logs for build [32mcb-kubecd-environment-pr-527-4-vvwdb-1[0m stage [32mfrom-build-pack[0m and container [32mstep-place-tools[0m

Showing logs for build [32mcb-kubecd-environment-pr-527-4-vvwdb-1[0m stage [32mfrom-build-pack[0m and container [32mstep-git-source-cb-kubecd-environment-pr-527-4-vvwdb-hdzqk[0m
{"level":"info","ts":1589795498.7051494,"logger":"fallback-logger","caller":"logging/config.go:69","msg":"Fetch GitHub commit ID from kodata failed: open /var/run/ko/refs/heads/0.8.0-ns-support: no such file or directory"}
{"level":"info","ts":1589795499.7157524,"logger":"fallback-logger","caller":"git/git.go:103","msg":"Successfully cloned https://github.com/cb-kubecd/environment-pr-527-4-bdd-frontend-staging.git @ master in path /workspace/source"}

Showing logs for build [32mcb-kubecd-environment-pr-527-4-vvwdb-1[0m stage [32mfrom-build-pack[0m and container [32mstep-git-merge[0m
Using SHAs from PULL_REFS=master:f8460a961b3e9fa76db7601a3addb7e862b25b5e,1:f0e901f0679777acd6f1c1a987dc8d5fb54f105b
DEBUG: JX_LOG_LEVEL=error LC_ALL=C git fetch origin --unshallow f0e901f0679777acd6f1c1a987dc8d5fb54f105b: f8460a961b3e9fa76db7601a3addb7e862b25b5e:
DEBUG: ran git fetch --unshallow origin f0e901f0679777acd6f1c1a987dc8d5fb54f105b: f8460a961b3e9fa76db7601a3addb7e862b25b5e: in 
DEBUG: LC_ALL=C JX_LOG_LEVEL=error git branch
DEBUG: LC_ALL=C JX_LOG_LEVEL=error git checkout master
DEBUG: ran git checkout master in 
DEBUG: LC_ALL=C JX_LOG_LEVEL=error git reset --hard f8460a961b3e9fa76db7601a3addb7e862b25b5e
DEBUG: ran git reset --hard f8460a961b3e9fa76db7601a3addb7e862b25b5e in 
DEBUG: LC_ALL=C JX_LOG_LEVEL=error git clean -fd .
DEBUG: ran clean --force -d . in 
DEBUG: LC_ALL=C JX_LOG_LEVEL=error git merge f0e901f0679777acd6f1c1a987dc8d5fb54f105b
DEBUG: ran git merge f0e901f0679777acd6f1c1a987dc8d5fb54f105b in 
DEBUG: LC_ALL=C JX_LOG_LEVEL=error git log --format=%H%x1f%an%x1f%ae%x1f%cn%x1f%ce%x1f%s%n%b%x1e f8460a961b3e9fa76db7601a3addb7e862b25b5e..HEAD
Merged SHA f0e901f0679777acd6f1c1a987dc8d5fb54f105b with commit message 'chore: Promote bdd-nh-1589794339 to version 0.0.1' into base branch master

Showing logs for build [32mcb-kubecd-environment-pr-527-4-vvwdb-1[0m stage [32mfrom-build-pack[0m and container [32mstep-build-helm-build[0m
WARNING: No $CHART_REPOSITORY defined so using the default value of: http://jenkins-x-chartmuseum:8080
Adding missing Helm repo: storage.googleapis.com https://storage.googleapis.com/chartmuseum.jenkins-x.io
WARNING: No secrets found on "helm/repos" due: reading the secret "helm/repos" from vault: no secret "helm/repos" not found in vault
Read credentials for https://storage.googleapis.com/chartmuseum.jenkins-x.io from vault helm/repos
Successfully added Helm repository storage.googleapis.com.
Adding missing Helm repo: jenkins-x-chartmuseum http://jenkins-x-chartmuseum:8080
WARNING: No secrets found on "helm/repos" due: reading the secret "helm/repos" from vault: no secret "helm/repos" not found in vault
Read credentials for http://jenkins-x-chartmuseum:8080 from vault helm/repos
Successfully added Helm repository jenkins-x-chartmuseum.
WARNING: No $CHART_REPOSITORY defined so using the default value of: http://jenkins-x-chartmuseum:8080
Adding missing Helm repo: chartmuseum.jenkins-x.io http://chartmuseum.jenkins-x.io
WARNING: No secrets found on "helm/repos" due: reading the secret "helm/repos" from vault: no secret "helm/repos" not found in vault
Read credentials for http://chartmuseum.jenkins-x.io from vault helm/repos
Successfully added Helm repository chartmuseum.jenkins-x.io.
